app/build/intermediates/manifest_merge_blame_file/debug/manifest-merger-blame-debug-report.txt
1<?xml version="1.0" encoding="utf-8"?>
2<manifest xmlns:android="http://schemas.android.com/apk/res/android"
3    package="com.myhexaville.androidwebrtc"
4    android:versionCode="1"
5    android:versionName="1.0" >
6
7    <uses-sdk
8        android:minSdkVersion="21"
8-->src\main\AndroidManifest.xml
9        android:targetSdkVersion="27" />
9-->src\main\AndroidManifest.xml
10
11    <uses-feature android:name="android.hardware.camera" />
11-->src\main\AndroidManifest.xml:5:5-60
11-->src\main\AndroidManifest.xml:5:19-57
12    <uses-feature android:name="android.hardware.camera.autofocus" />
12-->src\main\AndroidManifest.xml:6:5-70
12-->src\main\AndroidManifest.xml:6:19-67
13    <uses-feature
13-->src\main\AndroidManifest.xml:7:5-9:35
14        android:glEsVersion="0x00020000"
14-->src\main\AndroidManifest.xml:8:9-41
15        android:required="true" />
15-->src\main\AndroidManifest.xml:9:9-32
16
17    <uses-permission android:name="android.permission.CAMERA" />
17-->src\main\AndroidManifest.xml:11:5-65
17-->src\main\AndroidManifest.xml:11:22-62
18    <uses-permission android:name="android.permission.CHANGE_NETWORK_STATE" />
18-->src\main\AndroidManifest.xml:12:5-79
18-->src\main\AndroidManifest.xml:12:22-76
19    <uses-permission android:name="android.permission.MODIFY_AUDIO_SETTINGS" />
19-->src\main\AndroidManifest.xml:13:5-80
19-->src\main\AndroidManifest.xml:13:22-77
20    <uses-permission android:name="android.permission.RECORD_AUDIO" />
20-->src\main\AndroidManifest.xml:14:5-71
20-->src\main\AndroidManifest.xml:14:22-68
21    <uses-permission android:name="android.permission.INTERNET" />
21-->src\main\AndroidManifest.xml:15:5-67
21-->src\main\AndroidManifest.xml:15:22-64
22    <uses-permission android:name="android.permission.WRITE_EXTERNAL_STORAGE" />
22-->src\main\AndroidManifest.xml:16:5-81
22-->src\main\AndroidManifest.xml:16:22-78
23    <uses-permission android:name="android.permission.ACCESS_NETWORK_STATE" />
23-->src\main\AndroidManifest.xml:17:5-79
23-->src\main\AndroidManifest.xml:17:22-76
24    <uses-permission android:name="android.permission.BLUETOOTH" />
24-->src\main\AndroidManifest.xml:18:5-68
24-->src\main\AndroidManifest.xml:18:22-65
25    <uses-permission android:name="android.permission.READ_EXTERNAL_STORAGE" />
25-->[com.myhexaville:smart-image-picker:1.0.4] AndroidManifest.xml:12:5-80
25-->[com.myhexaville:smart-image-picker:1.0.4] AndroidManifest.xml:12:22-77
26
27    <application
27-->src\main\AndroidManifest.xml:22:5-52:19
28        android:allowBackup="true"
28-->src\main\AndroidManifest.xml:23:9-35
29        android:appComponentFactory="androidx.core.app.CoreComponentFactory"
29-->[androidx.core:core:1.0.0] AndroidManifest.xml:22:18-86
30        android:debuggable="true"
31        android:icon="@mipmap/ic_launcher"
31-->src\main\AndroidManifest.xml:24:9-43
32        android:label="@string/app_name"
32-->src\main\AndroidManifest.xml:25:9-41
33        android:supportsRtl="true"
33-->src\main\AndroidManifest.xml:26:9-35
34        android:theme="@style/AppTheme" >
34-->src\main\AndroidManifest.xml:27:9-40
35        <activity
35-->src\main\AndroidManifest.xml:28:9-31:55
36            android:name="com.shivam.androidwebrtc.app_rtc_sample.main.AppRTCMainActivity"
36-->src\main\AndroidManifest.xml:29:13-91
37            android:label="@string/app_name"
37-->src\main\AndroidManifest.xml:30:13-45
38            android:windowSoftInputMode="adjustPan" />
38-->src\main\AndroidManifest.xml:31:13-52
39        <activity
39-->src\main\AndroidManifest.xml:32:9-37:52
40            android:name="com.shivam.androidwebrtc.app_rtc_sample.call.CallActivity"
40-->src\main\AndroidManifest.xml:33:13-85
41            android:configChanges="orientation|screenSize"
41-->src\main\AndroidManifest.xml:34:13-59
42            android:label="@string/app_name"
42-->src\main\AndroidManifest.xml:35:13-45
43            android:screenOrientation="fullUser"
43-->src\main\AndroidManifest.xml:36:13-49
44            android:theme="@style/AppTheme.Call" />
44-->src\main\AndroidManifest.xml:37:13-49
45        <activity
45-->src\main\AndroidManifest.xml:38:9-47:20
46            android:name="com.shivam.androidwebrtc.LauncherActivity"
46-->src\main\AndroidManifest.xml:39:13-69
47            android:label="@string/title_activity_launch"
47-->src\main\AndroidManifest.xml:40:13-58
48            android:theme="@style/AppTheme.NoActionBar" >
48-->src\main\AndroidManifest.xml:41:13-56
49            <intent-filter>
49-->src\main\AndroidManifest.xml:42:13-46:29
50                <action android:name="android.intent.action.MAIN" />
50-->src\main\AndroidManifest.xml:43:17-69
50-->src\main\AndroidManifest.xml:43:25-66
51
52                <category android:name="android.intent.category.LAUNCHER" />
52-->src\main\AndroidManifest.xml:45:17-77
52-->src\main\AndroidManifest.xml:45:27-74
53            </intent-filter>
54        </activity>
55        <activity
55-->src\main\AndroidManifest.xml:48:9-51:68
56            android:name="com.shivam.androidwebrtc.tutorial.CompleteActivity"
56-->src\main\AndroidManifest.xml:49:13-78
57            android:label="@string/title_activity_complete"
57-->src\main\AndroidManifest.xml:50:13-60
58            android:theme="@style/AppTheme.NoActionBar" />
58-->src\main\AndroidManifest.xml:51:13-56
59        <activity
59-->[com.myhexaville:smart-image-picker:1.0.4] AndroidManifest.xml:18:9-21:47
60            android:name="com.theartofdev.edmodo.cropper.CropImageActivity"
60-->[com.myhexaville:smart-image-picker:1.0.4] AndroidManifest.xml:19:13-76
61            android:screenOrientation="portrait"
61-->[com.myhexaville:smart-image-picker:1.0.4] AndroidManifest.xml:20:13-49
62            android:theme="@style/AppTheme" />
62-->[com.myhexaville:smart-image-picker:1.0.4] AndroidManifest.xml:21:13-44
63
64        <provider
64-->[com.myhexaville:smart-image-picker:1.0.4] AndroidManifest.xml:23:9-31:20
65            android:name="com.myhexaville.smartimagepicker.CustomFileProvider"
65-->[com.myhexaville:smart-image-picker:1.0.4] AndroidManifest.xml:24:13-79
66            android:authorities="com.myhexaville.androidwebrtc.smart-image-picket-provider"
66-->[com.myhexaville:smart-image-picker:1.0.4] AndroidManifest.xml:25:13-79
67            android:exported="false"
67-->[com.myhexaville:smart-image-picker:1.0.4] AndroidManifest.xml:26:13-37
68            android:grantUriPermissions="true" >
68-->[com.myhexaville:smart-image-picker:1.0.4] AndroidManifest.xml:27:13-47
69            <meta-data
69-->[com.myhexaville:smart-image-picker:1.0.4] AndroidManifest.xml:28:13-30:54
70                android:name="android.support.FILE_PROVIDER_PATHS"
70-->[com.myhexaville:smart-image-picker:1.0.4] AndroidManifest.xml:29:17-67
71                android:resource="@xml/file_paths" />
71-->[com.myhexaville:smart-image-picker:1.0.4] AndroidManifest.xml:30:17-51
72        </provider>
73
74        <activity
74-->[pub.devrel:easypermissions:1.1.3] AndroidManifest.xml:12:9-16:66
75            android:name="pub.devrel.easypermissions.AppSettingsDialogHolderActivity"
75-->[pub.devrel:easypermissions:1.1.3] AndroidManifest.xml:13:13-86
76            android:exported="false"
76-->[pub.devrel:easypermissions:1.1.3] AndroidManifest.xml:14:13-37
77            android:label=""
77-->[pub.devrel:easypermissions:1.1.3] AndroidManifest.xml:15:13-29
78            android:theme="@style/EasyPermissions.Transparent" />
78-->[pub.devrel:easypermissions:1.1.3] AndroidManifest.xml:16:13-63
79
80        <service
80-->[com.google.firebase:firebase-firestore:21.4.3] AndroidManifest.xml:17:9-23:19
81            android:name="com.google.firebase.components.ComponentDiscoveryService"
81-->[com.google.firebase:firebase-firestore:21.4.3] AndroidManifest.xml:18:13-84
82            android:directBootAware="true"
82-->[com.google.firebase:firebase-common:19.3.0] AndroidManifest.xml:34:13-43
83            android:exported="false" >
83-->[com.google.firebase:firebase-firestore:21.4.3] AndroidManifest.xml:19:13-37
84            <meta-data
84-->[com.google.firebase:firebase-firestore:21.4.3] AndroidManifest.xml:20:13-22:85
85                android:name="com.google.firebase.components:com.google.firebase.firestore.FirestoreRegistrar"
85-->[com.google.firebase:firebase-firestore:21.4.3] AndroidManifest.xml:21:17-111
86                android:value="com.google.firebase.components.ComponentRegistrar" />
86-->[com.google.firebase:firebase-firestore:21.4.3] AndroidManifest.xml:22:17-82
87        </service>
88
89        <activity
89-->[com.google.android.gms:play-services-base:17.0.0] AndroidManifest.xml:23:9-26:75
90            android:name="com.google.android.gms.common.api.GoogleApiActivity"
90-->[com.google.android.gms:play-services-base:17.0.0] AndroidManifest.xml:24:13-79
91            android:exported="false"
91-->[com.google.android.gms:play-services-base:17.0.0] AndroidManifest.xml:25:13-37
92            android:theme="@android:style/Theme.Translucent.NoTitleBar" />
92-->[com.google.android.gms:play-services-base:17.0.0] AndroidManifest.xml:26:13-72
93
94        <provider
94-->[com.google.firebase:firebase-common:19.3.0] AndroidManifest.xml:26:9-30:39
95            android:name="com.google.firebase.provider.FirebaseInitProvider"
95-->[com.google.firebase:firebase-common:19.3.0] AndroidManifest.xml:27:13-77
96            android:authorities="com.myhexaville.androidwebrtc.firebaseinitprovider"
96-->[com.google.firebase:firebase-common:19.3.0] AndroidManifest.xml:28:13-72
97            android:exported="false"
97-->[com.google.firebase:firebase-common:19.3.0] AndroidManifest.xml:29:13-37
98            android:initOrder="100" />
98-->[com.google.firebase:firebase-common:19.3.0] AndroidManifest.xml:30:13-36
99
100        <meta-data
100-->[com.google.android.gms:play-services-basement:17.0.0] AndroidManifest.xml:23:9-25:69
101            android:name="com.google.android.gms.version"
101-->[com.google.android.gms:play-services-basement:17.0.0] AndroidManifest.xml:24:13-58
102            android:value="@integer/google_play_services_version" />
102-->[com.google.android.gms:play-services-basement:17.0.0] AndroidManifest.xml:25:13-66
103    </application>
104
105</manifest>